<?xml version="1.0" encoding="UTF-8"?>
<!-- Generated by org.testng.reporters.JUnitXMLReporter -->
<testsuite hostname="user-PC" name="Default test" tests="8" failures="0" timestamp="31 Jul 2016 16:58:32 GMT" time="179.521" errors="0">
  <testcase name="specialTaxRateForCATest" time="14.624" classname="com.earnest.homework.selenium.tests.stateTaxCalculator.StateTaxCalculationTest"/>
  <testcase name="specialTaxRateForNYTest" time="14.847" classname="com.earnest.homework.selenium.tests.stateTaxCalculator.StateTaxCalculationTest"/>
  <testcase name="zeroTaxRateStateTest" time="15.588" classname="com.earnest.homework.selenium.tests.stateTaxCalculator.StateTaxCalculationTest"/>
  <testcase name="allZeroQuantityTest" time="0.0" classname="com.earnest.homework.selenium.tests.stateTaxCalculator.StateTaxCalculationTest">
    <skipped/>
  </testcase> <!-- allZeroQuantityTest -->
  <testcase name="invalidStockQuantityTest" time="0.0" classname="com.earnest.homework.selenium.tests.stateTaxCalculator.StateTaxCalculationTest">
    <skipped/>
  </testcase> <!-- invalidStockQuantityTest -->
  <testcase name="maxStockCheckoutTest" time="15.644" classname="com.earnest.homework.selenium.tests.stateTaxCalculator.StateTaxCalculationTest"/>
  <testcase name="negativeQuantityTest" time="14.565" classname="com.earnest.homework.selenium.tests.stateTaxCalculator.StateTaxCalculationTest"/>
  <testcase name="outOfStockQuantityTest" time="0.0" classname="com.earnest.homework.selenium.tests.stateTaxCalculator.StateTaxCalculationTest">
    <skipped/>
  </testcase> <!-- outOfStockQuantityTest -->
</testsuite> <!-- Default test -->
